[35m[Appium][39m Welcome to Appium v1.20.2
[35m[Appium][39m Non-default server args:
[35m[Appium][39m   port: 60592
[35m[Appium][39m   loglevel: info
[35m[Appium][39m   tmpDir: C:\Users\GURPRE~1.KAU\AppData\Local\Temp\\Katalon\Appium\Temp1619700248749
[35m[Appium][39m   chromedriverPort: 60593
[35m[Appium][39m Deprecated server args:
[35m[Appium][39m   [31m--chromedriver-port[39m => --default-capabilities
[35m[Appium][39m Default capabilities, which will be added to each request unless overridden by desired capabilities:
[35m[Appium][39m   chromedriverPort: 60593
[35m[Appium][39m Appium REST http interface listener started on 0.0.0.0:60592
[35m[HTTP][39m [37m-->[39m [37mGET[39m [37m/wd/hub/status[39m
[35m[HTTP][39m [90m{}[39m
[35m[HTTP][39m [37m<-- GET /wd/hub/status [39m[32m200[39m [90m16 ms - 68[39m
[35m[HTTP][39m [90m[39m
[35m[HTTP][39m [37m-->[39m [37mGET[39m [37m/wd/hub/status[39m
[35m[HTTP][39m [90m{}[39m
[35m[HTTP][39m [37m<-- GET /wd/hub/status [39m[32m200[39m [90m2 ms - 68[39m
[35m[HTTP][39m [90m[39m
[35m[HTTP][39m [37m-->[39m [37mPOST[39m [37m/wd/hub/session[39m
[35m[HTTP][39m [90m{"desiredCapabilities":{"app":"D:\\mobile\\MaterialLoginExample.apk","noReset":true,"newCommandTimeout":1800,"platformVersion":"5.1.1","autoGrantPermissions":true,"platformName":"Android","udid":"emulator-5554","deviceName":"emulator-5554 (Android SDK built for x86 - Android 5.1.1)","fullReset":false,"platform":"ANDROID","systemPort":60598},"capabilities":{"firstMatch":[{"appium:app":"D:\\mobile\\MaterialLoginExample.apk","appium:autoGrantPermissions":true,"appium:deviceName":"emulator-5554 (Android SDK built for x86 - Android 5.1.1)","appium:fullReset":false,"appium:newCommandTimeout":1800,"appium:noReset":true,"platform":"ANDROID","platformName":"android","appium:platformVersion":"5.1.1","appium:systemPort":60598,"appium:udid":"emulator-5554"}]}}[39m
[35m[BaseDriver][39m The following capabilities are not standard capabilities and should have an extension prefix:
[35m[BaseDriver][39m   platform
[35m[BaseDriver][39m   chromedriverPort
[35m[Appium][39m 
[35m[Appium][39m ======================================================================
[35m[Appium][39m   DEPRECATION WARNING:
[35m[Appium][39m 
[35m[Appium][39m   The 'automationName' capability was not provided in the desired 
[35m[Appium][39m   capabilities for this Android session
[35m[Appium][39m 
[35m[Appium][39m   Setting 'automationName=UiAutomator2' by default and using the 
[35m[Appium][39m   UiAutomator2 Driver
[35m[Appium][39m 
[35m[Appium][39m   The next major version of Appium (2.x) will **require** the 
[35m[Appium][39m   'automationName' capability to be set for all sessions on all 
[35m[Appium][39m   platforms
[35m[Appium][39m 
[35m[Appium][39m   In previous versions (Appium <= 1.13.x), the default was 
[35m[Appium][39m   'automationName=UiAutomator1'
[35m[Appium][39m 
[35m[Appium][39m   If you wish to use that automation instead of UiAutomator2, please 
[35m[Appium][39m   add 'automationName=UiAutomator1' to your desired capabilities
[35m[Appium][39m 
[35m[Appium][39m   For more information about drivers, please visit 
[35m[Appium][39m   http://appium.io/docs/en/about-appium/intro/ and explore the 
[35m[Appium][39m   'Drivers' menu
[35m[Appium][39m 
[35m[Appium][39m ======================================================================
[35m[Appium][39m 
[35m[Appium][39m Appium v1.20.2 creating new AndroidUiautomator2Driver (v1.61.2) session
[35m[BaseDriver][39m The following capabilities were provided, but are not recognized by Appium:
[35m[BaseDriver][39m   platform
[35m[BaseDriver][39m Session created with session id: a55855c1-a042-4463-977a-356750bcdbc5
[35m[BaseDriver][39m Using local app 'D:\mobile\MaterialLoginExample.apk'
[35m[ADB][39m Found 1 'build-tools' folders under 'C:\Users\gurpreet.kaur\.katalon\tools\android_sdk' (newest first):
[35m[ADB][39m     C:/Users/gurpreet.kaur/.katalon/tools/android_sdk/build-tools/29.0.3
[35m[ADB][39m Using 'adb.exe' from 'C:\Users\gurpreet.kaur\.katalon\tools\android_sdk\platform-tools\adb.exe'
[35m[AndroidDriver][39m Retrieving device list
[35m[AndroidDriver][39m Using device: emulator-5554
[35m[ADB][39m Using 'adb.exe' from 'C:\Users\gurpreet.kaur\.katalon\tools\android_sdk\platform-tools\adb.exe'
[35m[ADB][39m Package name: 'com.sourcey.materialloginexample'
[35m[ADB][39m Main activity name: 'com.sourcey.materiallogindemo.LoginActivity'
[35m[AndroidDriver][39m Granting permissions SET_ANIMATION_SCALE,CHANGE_CONFIGURATION,ACCESS_FINE_LOCATION to 'io.appium.settings'
[35m[ADB][39m Using 'apksigner.jar' from 'C:\Users\gurpreet.kaur\.katalon\tools\android_sdk\build-tools\29.0.3\lib\apksigner.jar'
[35m[ADB][39m 'C:\Users\gurpreet.kaur\AppData\Roaming\npm\node_modules\appium\node_modules\appium-uiautomator2-server\apks\appium-uiautomator2-server-v4.17.4.apk' is signed with the default certificate
[35m[ADB][39m 'C:\Users\gurpreet.kaur\AppData\Roaming\npm\node_modules\appium\node_modules\appium-uiautomator2-server\apks\appium-uiautomator2-server-debug-androidTest.apk' is signed with the default certificate
[35m[UiAutomator2][39m Server packages are not going to be (re)installed
[35m[ADB][39m 'D:\mobile\MaterialLoginExample.apk' is signed with a non-default certificate
[35m[UiAutomator2][39m Starting UIAutomator2 server 4.17.4
[35m[UiAutomator2][39m Using UIAutomator2 server from 'C:\Users\gurpreet.kaur\AppData\Roaming\npm\node_modules\appium\node_modules\appium-uiautomator2-server\apks\appium-uiautomator2-server-v4.17.4.apk' and test from 'C:\Users\gurpreet.kaur\AppData\Roaming\npm\node_modules\appium\node_modules\appium-uiautomator2-server\apks\appium-uiautomator2-server-debug-androidTest.apk'
[35m[UiAutomator2][39m Waiting up to 30000ms for UiAutomator2 to be online...
[35m[WD Proxy][39m socket hang up
[35m[WD Proxy][39m socket hang up
[35m[WD Proxy][39m Determined the downstream protocol as 'W3C'
[35m[AndroidDriver][39m Screen already unlocked, doing nothing
[35m[UiAutomator2][39m Starting 'com.sourcey.materialloginexample/com.sourcey.materiallogindemo.LoginActivity and waiting for 'com.sourcey.materialloginexample/com.sourcey.materiallogindemo.LoginActivity'
[35m[Appium][39m New AndroidUiautomator2Driver session created successfully, session a55855c1-a042-4463-977a-356750bcdbc5 added to master session list
[35m[HTTP][39m [37m<-- POST /wd/hub/session [39m[32m200[39m [90m8101 ms - 1233[39m
[35m[HTTP][39m [90m[39m
[35m[HTTP][39m [37m-->[39m [37mGET[39m [37m/wd/hub/session/a55855c1-a042-4463-977a-356750bcdbc5[39m
[35m[HTTP][39m [90m{}[39m
[35m[HTTP][39m [37m<-- GET /wd/hub/session/a55855c1-a042-4463-977a-356750bcdbc5 [39m[32m200[39m [90m10 ms - 1187[39m
[35m[HTTP][39m [90m[39m
[35m[HTTP][39m [37m-->[39m [37mGET[39m [37m/wd/hub/session/a55855c1-a042-4463-977a-356750bcdbc5[39m
[35m[HTTP][39m [90m{}[39m
[35m[HTTP][39m [37m<-- GET /wd/hub/session/a55855c1-a042-4463-977a-356750bcdbc5 [39m[32m200[39m [90m8 ms - 1187[39m
[35m[HTTP][39m [90m[39m
[35m[HTTP][39m [37m-->[39m [37mGET[39m [37m/wd/hub/status[39m
[35m[HTTP][39m [90m{}[39m
[35m[HTTP][39m [37m<-- GET /wd/hub/status [39m[32m200[39m [90m1 ms - 68[39m
[35m[HTTP][39m [90m[39m
[35m[HTTP][39m [37m-->[39m [37mPOST[39m [37m/wd/hub/session/a55855c1-a042-4463-977a-356750bcdbc5/timeouts[39m
[35m[HTTP][39m [90m{"implicit":60000}[39m
[35m[HTTP][39m [37m<-- POST /wd/hub/session/a55855c1-a042-4463-977a-356750bcdbc5/timeouts [39m[32m200[39m [90m4 ms - 14[39m
[35m[HTTP][39m [90m[39m
[35m[HTTP][39m [37m-->[39m [37mGET[39m [37m/wd/hub/session/a55855c1-a042-4463-977a-356750bcdbc5/source[39m
[35m[HTTP][39m [90m{}[39m
[35m[W3C (a55855c1)][39m Driver proxy active, passing request on via HTTP proxy
[35m[WD Proxy][39m Replacing sessionId b402797e-cda8-4261-8ded-e6bc500bfa4c with a55855c1-a042-4463-977a-356750bcdbc5
[35m[HTTP][39m [37m<-- GET /wd/hub/session/a55855c1-a042-4463-977a-356750bcdbc5/source [39m[32m200[39m [90m409 ms - 7420[39m
[35m[HTTP][39m [90m[39m
[35m[HTTP][39m [37m-->[39m [37mGET[39m [37m/wd/hub/session/a55855c1-a042-4463-977a-356750bcdbc5/screenshot[39m
[35m[HTTP][39m [90m{}[39m
[35m[HTTP][39m [37m<-- GET /wd/hub/session/a55855c1-a042-4463-977a-356750bcdbc5/screenshot [39m[32m200[39m [90m353 ms - 122592[39m
[35m[HTTP][39m [90m[39m
[35m[HTTP][39m [37m-->[39m [37mPOST[39m [37m/wd/hub/session/a55855c1-a042-4463-977a-356750bcdbc5/elements[39m
[35m[HTTP][39m [90m{"using":"xpath","value":"//*[@class = 'android.widget.EditText' and @resource-id = 'com.sourcey.materialloginexample:id/input_email' and (@text = '' or . = '')]"}[39m
[35m[HTTP][39m [37m<-- POST /wd/hub/session/a55855c1-a042-4463-977a-356750bcdbc5/elements [39m[32m200[39m [90m37 ms - 139[39m
[35m[HTTP][39m [90m[39m
[35m[HTTP][39m [37m-->[39m [37mPOST[39m [37m/wd/hub/session/a55855c1-a042-4463-977a-356750bcdbc5/elements[39m
[35m[HTTP][39m [90m{"using":"xpath","value":"//*[@class = 'android.widget.EditText' and @resource-id = 'com.sourcey.materialloginexample:id/input_password' and (@text = '' or . = '')]"}[39m
[35m[HTTP][39m [37m<-- POST /wd/hub/session/a55855c1-a042-4463-977a-356750bcdbc5/elements [39m[32m200[39m [90m15 ms - 139[39m
[35m[HTTP][39m [90m[39m
[35m[HTTP][39m [37m-->[39m [37mPOST[39m [37m/wd/hub/session/a55855c1-a042-4463-977a-356750bcdbc5/elements[39m
[35m[HTTP][39m [90m{"using":"xpath","value":"//*[@class = 'android.widget.Button' and (@text = 'Login' or . = 'Login') and @resource-id = 'com.sourcey.materialloginexample:id/btn_login']"}[39m
[35m[HTTP][39m [37m<-- POST /wd/hub/session/a55855c1-a042-4463-977a-356750bcdbc5/elements [39m[32m200[39m [90m13 ms - 139[39m
[35m[HTTP][39m [90m[39m
[35m[HTTP][39m [37m-->[39m [37mDELETE[39m [37m/wd/hub/session/a55855c1-a042-4463-977a-356750bcdbc5[39m
[35m[HTTP][39m [90m{}[39m
[35m[Appium][39m Removing session a55855c1-a042-4463-977a-356750bcdbc5 from our master session list
[35m[HTTP][39m [37m<-- DELETE /wd/hub/session/a55855c1-a042-4463-977a-356750bcdbc5 [39m[32m200[39m [90m418 ms - 14[39m
[35m[HTTP][39m [90m[39m
