[35m[Appium][39m Welcome to Appium v1.20.2
[35m[Appium][39m Non-default server args:
[35m[Appium][39m   port: 62681
[35m[Appium][39m   loglevel: info
[35m[Appium][39m   tmpDir: C:\Users\GURPRE~1.KAU\AppData\Local\Temp\\Katalon\Appium\Temp1619701683822
[35m[Appium][39m   chromedriverPort: 62682
[35m[Appium][39m Deprecated server args:
[35m[Appium][39m   [31m--chromedriver-port[39m => --default-capabilities
[35m[Appium][39m Default capabilities, which will be added to each request unless overridden by desired capabilities:
[35m[Appium][39m   chromedriverPort: 62682
[35m[Appium][39m Appium REST http interface listener started on 0.0.0.0:62681
[35m[HTTP][39m [37m-->[39m [37mGET[39m [37m/wd/hub/status[39m
[35m[HTTP][39m [90m{}[39m
[35m[HTTP][39m [37m<-- GET /wd/hub/status [39m[32m200[39m [90m7 ms - 68[39m
[35m[HTTP][39m [90m[39m
[35m[HTTP][39m [37m-->[39m [37mPOST[39m [37m/wd/hub/session[39m
[35m[HTTP][39m [90m{"desiredCapabilities":{"app":"D:\\mobile\\MaterialLoginExample.apk","noReset":true,"newCommandTimeout":1800,"platformVersion":"5.1.1","autoGrantPermissions":true,"platformName":"Android","udid":"emulator-5554","deviceName":"emulator-5554 (Android SDK built for x86 - Android 5.1.1)","fullReset":false,"platform":"ANDROID","systemPort":62680},"capabilities":{"firstMatch":[{"appium:app":"D:\\mobile\\MaterialLoginExample.apk","appium:autoGrantPermissions":true,"appium:deviceName":"emulator-5554 (Android SDK built for x86 - Android 5.1.1)","appium:fullReset":false,"appium:newCommandTimeout":1800,"appium:noReset":true,"platform":"ANDROID","platformName":"android","appium:platformVersion":"5.1.1","appium:systemPort":62680,"appium:udid":"emulator-5554"}]}}[39m
[35m[BaseDriver][39m The following capabilities are not standard capabilities and should have an extension prefix:
[35m[BaseDriver][39m   platform
[35m[BaseDriver][39m   chromedriverPort
[35m[Appium][39m 
[35m[Appium][39m ======================================================================
[35m[Appium][39m   DEPRECATION WARNING:
[35m[Appium][39m 
[35m[Appium][39m   The 'automationName' capability was not provided in the desired 
[35m[Appium][39m   capabilities for this Android session
[35m[Appium][39m 
[35m[Appium][39m   Setting 'automationName=UiAutomator2' by default and using the 
[35m[Appium][39m   UiAutomator2 Driver
[35m[Appium][39m 
[35m[Appium][39m   The next major version of Appium (2.x) will **require** the 
[35m[Appium][39m   'automationName' capability to be set for all sessions on all 
[35m[Appium][39m   platforms
[35m[Appium][39m 
[35m[Appium][39m   In previous versions (Appium <= 1.13.x), the default was 
[35m[Appium][39m   'automationName=UiAutomator1'
[35m[Appium][39m 
[35m[Appium][39m   If you wish to use that automation instead of UiAutomator2, please 
[35m[Appium][39m   add 'automationName=UiAutomator1' to your desired capabilities
[35m[Appium][39m 
[35m[Appium][39m   For more information about drivers, please visit 
[35m[Appium][39m   http://appium.io/docs/en/about-appium/intro/ and explore the 
[35m[Appium][39m   'Drivers' menu
[35m[Appium][39m 
[35m[Appium][39m ======================================================================
[35m[Appium][39m 
[35m[Appium][39m Appium v1.20.2 creating new AndroidUiautomator2Driver (v1.61.2) session
[35m[BaseDriver][39m The following capabilities were provided, but are not recognized by Appium:
[35m[BaseDriver][39m   platform
[35m[BaseDriver][39m Session created with session id: dc5e7bde-af02-409c-adba-62a50bec8e5e
[35m[BaseDriver][39m Using local app 'D:\mobile\MaterialLoginExample.apk'
[35m[ADB][39m Found 1 'build-tools' folders under 'C:\Users\gurpreet.kaur\.katalon\tools\android_sdk' (newest first):
[35m[ADB][39m     C:/Users/gurpreet.kaur/.katalon/tools/android_sdk/build-tools/29.0.3
[35m[ADB][39m Using 'adb.exe' from 'C:\Users\gurpreet.kaur\.katalon\tools\android_sdk\platform-tools\adb.exe'
[35m[AndroidDriver][39m Retrieving device list
[35m[AndroidDriver][39m Using device: emulator-5554
[35m[ADB][39m Using 'adb.exe' from 'C:\Users\gurpreet.kaur\.katalon\tools\android_sdk\platform-tools\adb.exe'
[35m[ADB][39m Package name: 'com.sourcey.materialloginexample'
[35m[ADB][39m Main activity name: 'com.sourcey.materiallogindemo.LoginActivity'
[35m[ADB][39m Using 'apksigner.jar' from 'C:\Users\gurpreet.kaur\.katalon\tools\android_sdk\build-tools\29.0.3\lib\apksigner.jar'
[35m[ADB][39m 'C:\Users\gurpreet.kaur\AppData\Roaming\npm\node_modules\appium\node_modules\appium-uiautomator2-server\apks\appium-uiautomator2-server-v4.17.4.apk' is signed with the default certificate
[35m[ADB][39m 'C:\Users\gurpreet.kaur\AppData\Roaming\npm\node_modules\appium\node_modules\appium-uiautomator2-server\apks\appium-uiautomator2-server-debug-androidTest.apk' is signed with the default certificate
[35m[UiAutomator2][39m Server packages are not going to be (re)installed
[35m[ADB][39m 'D:\mobile\MaterialLoginExample.apk' is signed with a non-default certificate
[35m[UiAutomator2][39m Starting UIAutomator2 server 4.17.4
[35m[UiAutomator2][39m Using UIAutomator2 server from 'C:\Users\gurpreet.kaur\AppData\Roaming\npm\node_modules\appium\node_modules\appium-uiautomator2-server\apks\appium-uiautomator2-server-v4.17.4.apk' and test from 'C:\Users\gurpreet.kaur\AppData\Roaming\npm\node_modules\appium\node_modules\appium-uiautomator2-server\apks\appium-uiautomator2-server-debug-androidTest.apk'
[35m[UiAutomator2][39m Waiting up to 30000ms for UiAutomator2 to be online...
[35m[WD Proxy][39m socket hang up
[35m[WD Proxy][39m socket hang up
[35m[WD Proxy][39m Determined the downstream protocol as 'W3C'
[35m[AndroidDriver][39m Screen already unlocked, doing nothing
[35m[UiAutomator2][39m Starting 'com.sourcey.materialloginexample/com.sourcey.materiallogindemo.LoginActivity and waiting for 'com.sourcey.materialloginexample/com.sourcey.materiallogindemo.LoginActivity'
[35m[Appium][39m New AndroidUiautomator2Driver session created successfully, session dc5e7bde-af02-409c-adba-62a50bec8e5e added to master session list
[35m[HTTP][39m [37m<-- POST /wd/hub/session [39m[32m200[39m [90m7926 ms - 1233[39m
[35m[HTTP][39m [90m[39m
[35m[HTTP][39m [37m-->[39m [37mGET[39m [37m/wd/hub/session/dc5e7bde-af02-409c-adba-62a50bec8e5e[39m
[35m[HTTP][39m [90m{}[39m
[35m[HTTP][39m [37m<-- GET /wd/hub/session/dc5e7bde-af02-409c-adba-62a50bec8e5e [39m[32m200[39m [90m8 ms - 1187[39m
[35m[HTTP][39m [90m[39m
[35m[HTTP][39m [37m-->[39m [37mGET[39m [37m/wd/hub/session/dc5e7bde-af02-409c-adba-62a50bec8e5e[39m
[35m[HTTP][39m [90m{}[39m
[35m[HTTP][39m [37m<-- GET /wd/hub/session/dc5e7bde-af02-409c-adba-62a50bec8e5e [39m[32m200[39m [90m7 ms - 1187[39m
[35m[HTTP][39m [90m[39m
[35m[HTTP][39m [37m-->[39m [37mGET[39m [37m/wd/hub/status[39m
[35m[HTTP][39m [90m{}[39m
[35m[HTTP][39m [37m<-- GET /wd/hub/status [39m[32m200[39m [90m1 ms - 68[39m
[35m[HTTP][39m [90m[39m
[35m[HTTP][39m [37m-->[39m [37mPOST[39m [37m/wd/hub/session/dc5e7bde-af02-409c-adba-62a50bec8e5e/timeouts[39m
[35m[HTTP][39m [90m{"implicit":30000}[39m
[35m[HTTP][39m [37m<-- POST /wd/hub/session/dc5e7bde-af02-409c-adba-62a50bec8e5e/timeouts [39m[32m200[39m [90m3 ms - 14[39m
[35m[HTTP][39m [90m[39m
[35m[HTTP][39m [37m-->[39m [37mGET[39m [37m/wd/hub/session/dc5e7bde-af02-409c-adba-62a50bec8e5e/screenshot[39m
[35m[HTTP][39m [90m{}[39m
[35m[HTTP][39m [37m<-- GET /wd/hub/session/dc5e7bde-af02-409c-adba-62a50bec8e5e/screenshot [39m[32m200[39m [90m352 ms - 122592[39m
[35m[HTTP][39m [90m[39m
[35m[HTTP][39m [37m-->[39m [37mGET[39m [37m/wd/hub/session/dc5e7bde-af02-409c-adba-62a50bec8e5e/window/rect[39m
[35m[HTTP][39m [90m{}[39m
[35m[HTTP][39m [37m<-- GET /wd/hub/session/dc5e7bde-af02-409c-adba-62a50bec8e5e/window/rect [39m[32m200[39m [90m14 ms - 50[39m
[35m[HTTP][39m [90m[39m
[35m[HTTP][39m [37m-->[39m [37mGET[39m [37m/wd/hub/session/dc5e7bde-af02-409c-adba-62a50bec8e5e/appium/device/system_bars[39m
[35m[HTTP][39m [90m{}[39m
[35m[HTTP][39m [37m<-- GET /wd/hub/session/dc5e7bde-af02-409c-adba-62a50bec8e5e/appium/device/system_bars [39m[32m200[39m [90m156 ms - 151[39m
[35m[HTTP][39m [90m[39m
[35m[HTTP][39m [37m-->[39m [37mGET[39m [37m/wd/hub/session/dc5e7bde-af02-409c-adba-62a50bec8e5e/context[39m
[35m[HTTP][39m [90m{}[39m
[35m[HTTP][39m [37m<-- GET /wd/hub/session/dc5e7bde-af02-409c-adba-62a50bec8e5e/context [39m[32m200[39m [90m1 ms - 22[39m
[35m[HTTP][39m [90m[39m
[35m[HTTP][39m [37m-->[39m [37mGET[39m [37m/wd/hub/session/dc5e7bde-af02-409c-adba-62a50bec8e5e/contexts[39m
[35m[HTTP][39m [90m{}[39m
[35m[AndroidDriver][39m Not collecting web view details. Details collection might help to make Chromedriver initialization more precise. Use the 'enableWebviewDetailsCollection' cap to turn it on
[35m[AndroidDriver][39m Skipping the webview 'WEBVIEW_10548' at '@webview_devtools_remote_10548' since it has reported having zero pages
[35m[AndroidDriver][39m Skipping the webview 'WEBVIEW_10407' at '@webview_devtools_remote_10407' since it has reported having zero pages
[35m[AndroidDriver][39m Skipping the webview 'WEBVIEW_2168' at '@webview_devtools_remote_2168' since it has reported having zero pages
[35m[HTTP][39m [37m<-- GET /wd/hub/session/dc5e7bde-af02-409c-adba-62a50bec8e5e/contexts [39m[32m200[39m [90m592 ms - 24[39m
[35m[HTTP][39m [90m[39m
[35m[HTTP][39m [37m-->[39m [37mPOST[39m [37m/wd/hub/session/dc5e7bde-af02-409c-adba-62a50bec8e5e/context[39m
[35m[HTTP][39m [90m{"name":"NATIVE_APP"}[39m
[35m[HTTP][39m [37m<-- POST /wd/hub/session/dc5e7bde-af02-409c-adba-62a50bec8e5e/context [39m[32m200[39m [90m3 ms - 14[39m
[35m[HTTP][39m [90m[39m
[35m[HTTP][39m [37m-->[39m [37mGET[39m [37m/wd/hub/session/dc5e7bde-af02-409c-adba-62a50bec8e5e/screenshot[39m
[35m[HTTP][39m [90m{}[39m
[35m[HTTP][39m [37m<-- GET /wd/hub/session/dc5e7bde-af02-409c-adba-62a50bec8e5e/screenshot [39m[32m200[39m [90m316 ms - 122592[39m
[35m[HTTP][39m [90m[39m
[35m[HTTP][39m [37m-->[39m [37mPOST[39m [37m/wd/hub/session/dc5e7bde-af02-409c-adba-62a50bec8e5e/context[39m
[35m[HTTP][39m [90m{"name":"NATIVE_APP"}[39m
[35m[HTTP][39m [37m<-- POST /wd/hub/session/dc5e7bde-af02-409c-adba-62a50bec8e5e/context [39m[32m200[39m [90m2 ms - 14[39m
[35m[HTTP][39m [90m[39m
[35m[HTTP][39m [37m-->[39m [37mPOST[39m [37m/wd/hub/session/dc5e7bde-af02-409c-adba-62a50bec8e5e/timeouts[39m
[35m[HTTP][39m [90m{"implicit":50}[39m
[35m[HTTP][39m [37m<-- POST /wd/hub/session/dc5e7bde-af02-409c-adba-62a50bec8e5e/timeouts [39m[32m200[39m [90m2 ms - 14[39m
[35m[HTTP][39m [90m[39m
[35m[HTTP][39m [37m-->[39m [37mGET[39m [37m/wd/hub/session/dc5e7bde-af02-409c-adba-62a50bec8e5e/window/rect[39m
[35m[HTTP][39m [90m{}[39m
[35m[HTTP][39m [37m<-- GET /wd/hub/session/dc5e7bde-af02-409c-adba-62a50bec8e5e/window/rect [39m[32m200[39m [90m10 ms - 50[39m
[35m[HTTP][39m [90m[39m
[35m[HTTP][39m [37m-->[39m [37mPOST[39m [37m/wd/hub/session/dc5e7bde-af02-409c-adba-62a50bec8e5e/elements[39m
[35m[HTTP][39m [90m{"using":"xpath","value":"//*[@class = 'android.widget.EditText' and @resource-id = 'com.sourcey.materialloginexample:id/input_email' and (@text = '' or . = '')]"}[39m
[35m[HTTP][39m [37m<-- POST /wd/hub/session/dc5e7bde-af02-409c-adba-62a50bec8e5e/elements [39m[32m200[39m [90m42 ms - 139[39m
[35m[HTTP][39m [90m[39m
[35m[HTTP][39m [37m-->[39m [37mGET[39m [37m/wd/hub/session/dc5e7bde-af02-409c-adba-62a50bec8e5e/element/e9278e34-ea43-44b9-b47f-4e39a1ebd7b8/location[39m
[35m[HTTP][39m [90m{}[39m
[35m[W3C (dc5e7bde)][39m Driver proxy active, passing request on via HTTP proxy
[35m[WD Proxy][39m Replacing sessionId cc5a5423-1488-4038-8440-e0653ea5c1db with dc5e7bde-af02-409c-adba-62a50bec8e5e
[35m[HTTP][39m [37m<-- GET /wd/hub/session/dc5e7bde-af02-409c-adba-62a50bec8e5e/element/e9278e34-ea43-44b9-b47f-4e39a1ebd7b8/location [39m[32m200[39m [90m13 ms - 77[39m
[35m[HTTP][39m [90m[39m
[35m[HTTP][39m [37m-->[39m [37mPOST[39m [37m/wd/hub/session/dc5e7bde-af02-409c-adba-62a50bec8e5e/timeouts[39m
[35m[HTTP][39m [90m{"implicit":30000}[39m
[35m[HTTP][39m [37m<-- POST /wd/hub/session/dc5e7bde-af02-409c-adba-62a50bec8e5e/timeouts [39m[32m200[39m [90m1 ms - 14[39m
[35m[HTTP][39m [90m[39m
[35m[HTTP][39m [37m-->[39m [37mGET[39m [37m/wd/hub/session/dc5e7bde-af02-409c-adba-62a50bec8e5e/element/e9278e34-ea43-44b9-b47f-4e39a1ebd7b8/displayed[39m
[35m[HTTP][39m [90m{}[39m
[35m[HTTP][39m [37m<-- GET /wd/hub/session/dc5e7bde-af02-409c-adba-62a50bec8e5e/element/e9278e34-ea43-44b9-b47f-4e39a1ebd7b8/displayed [39m[32m200[39m [90m9 ms - 14[39m
[35m[HTTP][39m [90m[39m
[35m[HTTP][39m [37m-->[39m [37mPOST[39m [37m/wd/hub/session/dc5e7bde-af02-409c-adba-62a50bec8e5e/timeouts[39m
[35m[HTTP][39m [90m{"implicit":50}[39m
[35m[HTTP][39m [37m<-- POST /wd/hub/session/dc5e7bde-af02-409c-adba-62a50bec8e5e/timeouts [39m[32m200[39m [90m1 ms - 14[39m
[35m[HTTP][39m [90m[39m
[35m[HTTP][39m [37m-->[39m [37mGET[39m [37m/wd/hub/session/dc5e7bde-af02-409c-adba-62a50bec8e5e/window/rect[39m
[35m[HTTP][39m [90m{}[39m
[35m[HTTP][39m [37m<-- GET /wd/hub/session/dc5e7bde-af02-409c-adba-62a50bec8e5e/window/rect [39m[32m200[39m [90m8 ms - 50[39m
[35m[HTTP][39m [90m[39m
[35m[HTTP][39m [37m-->[39m [37mPOST[39m [37m/wd/hub/session/dc5e7bde-af02-409c-adba-62a50bec8e5e/elements[39m
[35m[HTTP][39m [90m{"using":"xpath","value":"//*[@class = 'android.widget.EditText' and @resource-id = 'com.sourcey.materialloginexample:id/input_email' and (@text = '' or . = '')]"}[39m
[35m[HTTP][39m [37m<-- POST /wd/hub/session/dc5e7bde-af02-409c-adba-62a50bec8e5e/elements [39m[32m200[39m [90m15 ms - 139[39m
[35m[HTTP][39m [90m[39m
[35m[HTTP][39m [37m-->[39m [37mGET[39m [37m/wd/hub/session/dc5e7bde-af02-409c-adba-62a50bec8e5e/element/870a1b75-bacd-4ec6-a960-bb9f5dd13a44/location[39m
[35m[HTTP][39m [90m{}[39m
[35m[W3C (dc5e7bde)][39m Driver proxy active, passing request on via HTTP proxy
[35m[WD Proxy][39m Replacing sessionId cc5a5423-1488-4038-8440-e0653ea5c1db with dc5e7bde-af02-409c-adba-62a50bec8e5e
[35m[HTTP][39m [37m<-- GET /wd/hub/session/dc5e7bde-af02-409c-adba-62a50bec8e5e/element/870a1b75-bacd-4ec6-a960-bb9f5dd13a44/location [39m[32m200[39m [90m10 ms - 77[39m
[35m[HTTP][39m [90m[39m
[35m[HTTP][39m [37m-->[39m [37mPOST[39m [37m/wd/hub/session/dc5e7bde-af02-409c-adba-62a50bec8e5e/timeouts[39m
[35m[HTTP][39m [90m{"implicit":30000}[39m
[35m[HTTP][39m [37m<-- POST /wd/hub/session/dc5e7bde-af02-409c-adba-62a50bec8e5e/timeouts [39m[32m200[39m [90m2 ms - 14[39m
[35m[HTTP][39m [90m[39m
[35m[HTTP][39m [37m-->[39m [37mPOST[39m [37m/wd/hub/session/dc5e7bde-af02-409c-adba-62a50bec8e5e/element/870a1b75-bacd-4ec6-a960-bb9f5dd13a44/clear[39m
[35m[HTTP][39m [90m{"id":"870a1b75-bacd-4ec6-a960-bb9f5dd13a44"}[39m
[35m[HTTP][39m [37m<-- POST /wd/hub/session/dc5e7bde-af02-409c-adba-62a50bec8e5e/element/870a1b75-bacd-4ec6-a960-bb9f5dd13a44/clear [39m[32m200[39m [90m11 ms - 14[39m
[35m[HTTP][39m [90m[39m
[35m[HTTP][39m [37m-->[39m [37mPOST[39m [37m/wd/hub/session/dc5e7bde-af02-409c-adba-62a50bec8e5e/element/870a1b75-bacd-4ec6-a960-bb9f5dd13a44/value[39m
[35m[HTTP][39m [90m{"id":"870a1b75-bacd-4ec6-a960-bb9f5dd13a44","text":"msbautoscript04+c2831@taigle.com","value":["m","s","b","a","u","t","o","s","c","r","i","p","t","0","4","+","c","2","8","3","1","@","t","a","i","g","l","e",".","c","o","m"]}[39m
[35m[HTTP][39m [37m<-- POST /wd/hub/session/dc5e7bde-af02-409c-adba-62a50bec8e5e/element/870a1b75-bacd-4ec6-a960-bb9f5dd13a44/value [39m[32m200[39m [90m518 ms - 14[39m
[35m[HTTP][39m [90m[39m
[35m[HTTP][39m [37m-->[39m [37mGET[39m [37m/wd/hub/session/dc5e7bde-af02-409c-adba-62a50bec8e5e/context[39m
[35m[HTTP][39m [90m{}[39m
[35m[HTTP][39m [37m<-- GET /wd/hub/session/dc5e7bde-af02-409c-adba-62a50bec8e5e/context [39m[32m200[39m [90m1 ms - 22[39m
[35m[HTTP][39m [90m[39m
[35m[HTTP][39m [37m-->[39m [37mGET[39m [37m/wd/hub/session/dc5e7bde-af02-409c-adba-62a50bec8e5e/contexts[39m
[35m[HTTP][39m [90m{}[39m
[35m[AndroidDriver][39m Not collecting web view details. Details collection might help to make Chromedriver initialization more precise. Use the 'enableWebviewDetailsCollection' cap to turn it on
[35m[AndroidDriver][39m Skipping the webview 'WEBVIEW_10548' at '@webview_devtools_remote_10548' since it has reported having zero pages
[35m[AndroidDriver][39m Skipping the webview 'WEBVIEW_10407' at '@webview_devtools_remote_10407' since it has reported having zero pages
[35m[AndroidDriver][39m Skipping the webview 'WEBVIEW_2168' at '@webview_devtools_remote_2168' since it has reported having zero pages
[35m[HTTP][39m [37m<-- GET /wd/hub/session/dc5e7bde-af02-409c-adba-62a50bec8e5e/contexts [39m[32m200[39m [90m463 ms - 24[39m
[35m[HTTP][39m [90m[39m
[35m[HTTP][39m [37m-->[39m [37mPOST[39m [37m/wd/hub/session/dc5e7bde-af02-409c-adba-62a50bec8e5e/context[39m
[35m[HTTP][39m [90m{"name":"NATIVE_APP"}[39m
[35m[HTTP][39m [37m<-- POST /wd/hub/session/dc5e7bde-af02-409c-adba-62a50bec8e5e/context [39m[32m200[39m [90m1 ms - 14[39m
[35m[HTTP][39m [90m[39m
[35m[HTTP][39m [37m-->[39m [37mGET[39m [37m/wd/hub/session/dc5e7bde-af02-409c-adba-62a50bec8e5e/screenshot[39m
[35m[HTTP][39m [90m{}[39m
[35m[HTTP][39m [37m<-- GET /wd/hub/session/dc5e7bde-af02-409c-adba-62a50bec8e5e/screenshot [39m[32m200[39m [90m308 ms - 148266[39m
[35m[HTTP][39m [90m[39m
[35m[HTTP][39m [37m-->[39m [37mPOST[39m [37m/wd/hub/session/dc5e7bde-af02-409c-adba-62a50bec8e5e/context[39m
[35m[HTTP][39m [90m{"name":"NATIVE_APP"}[39m
[35m[HTTP][39m [37m<-- POST /wd/hub/session/dc5e7bde-af02-409c-adba-62a50bec8e5e/context [39m[32m200[39m [90m1 ms - 14[39m
[35m[HTTP][39m [90m[39m
[35m[HTTP][39m [37m-->[39m [37mPOST[39m [37m/wd/hub/session/dc5e7bde-af02-409c-adba-62a50bec8e5e/timeouts[39m
[35m[HTTP][39m [90m{"implicit":50}[39m
[35m[HTTP][39m [37m<-- POST /wd/hub/session/dc5e7bde-af02-409c-adba-62a50bec8e5e/timeouts [39m[32m200[39m [90m1 ms - 14[39m
[35m[HTTP][39m [90m[39m
[35m[HTTP][39m [37m-->[39m [37mGET[39m [37m/wd/hub/session/dc5e7bde-af02-409c-adba-62a50bec8e5e/window/rect[39m
[35m[HTTP][39m [90m{}[39m
[35m[HTTP][39m [37m<-- GET /wd/hub/session/dc5e7bde-af02-409c-adba-62a50bec8e5e/window/rect [39m[32m200[39m [90m8 ms - 50[39m
[35m[HTTP][39m [90m[39m
[35m[HTTP][39m [37m-->[39m [37mPOST[39m [37m/wd/hub/session/dc5e7bde-af02-409c-adba-62a50bec8e5e/elements[39m
[35m[HTTP][39m [90m{"using":"xpath","value":"//*[@class = 'android.widget.EditText' and @resource-id = 'com.sourcey.materialloginexample:id/input_password' and (@text = '' or . = '')]"}[39m
[35m[HTTP][39m [37m<-- POST /wd/hub/session/dc5e7bde-af02-409c-adba-62a50bec8e5e/elements [39m[32m200[39m [90m12 ms - 139[39m
[35m[HTTP][39m [90m[39m
[35m[HTTP][39m [37m-->[39m [37mGET[39m [37m/wd/hub/session/dc5e7bde-af02-409c-adba-62a50bec8e5e/element/c41830b5-8d9e-4446-b0cf-cf22ffbc8423/location[39m
[35m[HTTP][39m [90m{}[39m
[35m[W3C (dc5e7bde)][39m Driver proxy active, passing request on via HTTP proxy
[35m[WD Proxy][39m Replacing sessionId cc5a5423-1488-4038-8440-e0653ea5c1db with dc5e7bde-af02-409c-adba-62a50bec8e5e
[35m[HTTP][39m [37m<-- GET /wd/hub/session/dc5e7bde-af02-409c-adba-62a50bec8e5e/element/c41830b5-8d9e-4446-b0cf-cf22ffbc8423/location [39m[32m200[39m [90m11 ms - 77[39m
[35m[HTTP][39m [90m[39m
[35m[HTTP][39m [37m-->[39m [37mPOST[39m [37m/wd/hub/session/dc5e7bde-af02-409c-adba-62a50bec8e5e/timeouts[39m
[35m[HTTP][39m [90m{"implicit":30000}[39m
[35m[HTTP][39m [37m<-- POST /wd/hub/session/dc5e7bde-af02-409c-adba-62a50bec8e5e/timeouts [39m[32m200[39m [90m1 ms - 14[39m
[35m[HTTP][39m [90m[39m
[35m[HTTP][39m [37m-->[39m [37mGET[39m [37m/wd/hub/session/dc5e7bde-af02-409c-adba-62a50bec8e5e/element/c41830b5-8d9e-4446-b0cf-cf22ffbc8423/displayed[39m
[35m[HTTP][39m [90m{}[39m
[35m[HTTP][39m [37m<-- GET /wd/hub/session/dc5e7bde-af02-409c-adba-62a50bec8e5e/element/c41830b5-8d9e-4446-b0cf-cf22ffbc8423/displayed [39m[32m200[39m [90m9 ms - 14[39m
[35m[HTTP][39m [90m[39m
[35m[HTTP][39m [37m-->[39m [37mPOST[39m [37m/wd/hub/session/dc5e7bde-af02-409c-adba-62a50bec8e5e/timeouts[39m
[35m[HTTP][39m [90m{"implicit":50}[39m
[35m[HTTP][39m [37m<-- POST /wd/hub/session/dc5e7bde-af02-409c-adba-62a50bec8e5e/timeouts [39m[32m200[39m [90m3 ms - 14[39m
[35m[HTTP][39m [90m[39m
[35m[HTTP][39m [37m-->[39m [37mGET[39m [37m/wd/hub/session/dc5e7bde-af02-409c-adba-62a50bec8e5e/window/rect[39m
[35m[HTTP][39m [90m{}[39m
[35m[HTTP][39m [37m<-- GET /wd/hub/session/dc5e7bde-af02-409c-adba-62a50bec8e5e/window/rect [39m[32m200[39m [90m7 ms - 50[39m
[35m[HTTP][39m [90m[39m
[35m[HTTP][39m [37m-->[39m [37mPOST[39m [37m/wd/hub/session/dc5e7bde-af02-409c-adba-62a50bec8e5e/elements[39m
[35m[HTTP][39m [90m{"using":"xpath","value":"//*[@class = 'android.widget.EditText' and @resource-id = 'com.sourcey.materialloginexample:id/input_password' and (@text = '' or . = '')]"}[39m
[35m[HTTP][39m [37m<-- POST /wd/hub/session/dc5e7bde-af02-409c-adba-62a50bec8e5e/elements [39m[32m200[39m [90m19 ms - 139[39m
[35m[HTTP][39m [90m[39m
[35m[HTTP][39m [37m-->[39m [37mGET[39m [37m/wd/hub/session/dc5e7bde-af02-409c-adba-62a50bec8e5e/element/493e7622-7c1c-4181-8e84-d17aa75c33c5/location[39m
[35m[HTTP][39m [90m{}[39m
[35m[W3C (dc5e7bde)][39m Driver proxy active, passing request on via HTTP proxy
[35m[WD Proxy][39m Replacing sessionId cc5a5423-1488-4038-8440-e0653ea5c1db with dc5e7bde-af02-409c-adba-62a50bec8e5e
[35m[HTTP][39m [37m<-- GET /wd/hub/session/dc5e7bde-af02-409c-adba-62a50bec8e5e/element/493e7622-7c1c-4181-8e84-d17aa75c33c5/location [39m[32m200[39m [90m11 ms - 77[39m
[35m[HTTP][39m [90m[39m
[35m[HTTP][39m [37m-->[39m [37mPOST[39m [37m/wd/hub/session/dc5e7bde-af02-409c-adba-62a50bec8e5e/timeouts[39m
[35m[HTTP][39m [90m{"implicit":30000}[39m
[35m[HTTP][39m [37m<-- POST /wd/hub/session/dc5e7bde-af02-409c-adba-62a50bec8e5e/timeouts [39m[32m200[39m [90m1 ms - 14[39m
[35m[HTTP][39m [90m[39m
[35m[HTTP][39m [37m-->[39m [37mPOST[39m [37m/wd/hub/session/dc5e7bde-af02-409c-adba-62a50bec8e5e/element/493e7622-7c1c-4181-8e84-d17aa75c33c5/clear[39m
[35m[HTTP][39m [90m{"id":"493e7622-7c1c-4181-8e84-d17aa75c33c5"}[39m
[35m[HTTP][39m [37m<-- POST /wd/hub/session/dc5e7bde-af02-409c-adba-62a50bec8e5e/element/493e7622-7c1c-4181-8e84-d17aa75c33c5/clear [39m[32m200[39m [90m11 ms - 14[39m
[35m[HTTP][39m [90m[39m
[35m[HTTP][39m [37m-->[39m [37mPOST[39m [37m/wd/hub/session/dc5e7bde-af02-409c-adba-62a50bec8e5e/element/493e7622-7c1c-4181-8e84-d17aa75c33c5/value[39m
[35m[HTTP][39m [90m{"id":"493e7622-7c1c-4181-8e84-d17aa75c33c5","text":"Taigle123!@#","value":["T","a","i","g","l","e","1","2","3","!","@","#"]}[39m
[35m[HTTP][39m [37m<-- POST /wd/hub/session/dc5e7bde-af02-409c-adba-62a50bec8e5e/element/493e7622-7c1c-4181-8e84-d17aa75c33c5/value [39m[32m200[39m [90m513 ms - 14[39m
[35m[HTTP][39m [90m[39m
[35m[HTTP][39m [37m-->[39m [37mGET[39m [37m/wd/hub/session/dc5e7bde-af02-409c-adba-62a50bec8e5e/context[39m
[35m[HTTP][39m [90m{}[39m
[35m[HTTP][39m [37m<-- GET /wd/hub/session/dc5e7bde-af02-409c-adba-62a50bec8e5e/context [39m[32m200[39m [90m3 ms - 22[39m
[35m[HTTP][39m [90m[39m
[35m[HTTP][39m [37m-->[39m [37mGET[39m [37m/wd/hub/session/dc5e7bde-af02-409c-adba-62a50bec8e5e/contexts[39m
[35m[HTTP][39m [90m{}[39m
[35m[AndroidDriver][39m Not collecting web view details. Details collection might help to make Chromedriver initialization more precise. Use the 'enableWebviewDetailsCollection' cap to turn it on
[35m[AndroidDriver][39m Skipping the webview 'WEBVIEW_10548' at '@webview_devtools_remote_10548' since it has reported having zero pages
[35m[AndroidDriver][39m Skipping the webview 'WEBVIEW_10407' at '@webview_devtools_remote_10407' since it has reported having zero pages
[35m[AndroidDriver][39m Skipping the webview 'WEBVIEW_2168' at '@webview_devtools_remote_2168' since it has reported having zero pages
[35m[HTTP][39m [37m<-- GET /wd/hub/session/dc5e7bde-af02-409c-adba-62a50bec8e5e/contexts [39m[32m200[39m [90m551 ms - 24[39m
[35m[HTTP][39m [90m[39m
[35m[HTTP][39m [37m-->[39m [37mPOST[39m [37m/wd/hub/session/dc5e7bde-af02-409c-adba-62a50bec8e5e/context[39m
[35m[HTTP][39m [90m{"name":"NATIVE_APP"}[39m
[35m[HTTP][39m [37m<-- POST /wd/hub/session/dc5e7bde-af02-409c-adba-62a50bec8e5e/context [39m[32m200[39m [90m1 ms - 14[39m
[35m[HTTP][39m [90m[39m
[35m[HTTP][39m [37m-->[39m [37mGET[39m [37m/wd/hub/session/dc5e7bde-af02-409c-adba-62a50bec8e5e/screenshot[39m
[35m[HTTP][39m [90m{}[39m
[35m[HTTP][39m [37m<-- GET /wd/hub/session/dc5e7bde-af02-409c-adba-62a50bec8e5e/screenshot [39m[32m200[39m [90m300 ms - 146062[39m
[35m[HTTP][39m [90m[39m
[35m[HTTP][39m [37m-->[39m [37mPOST[39m [37m/wd/hub/session/dc5e7bde-af02-409c-adba-62a50bec8e5e/context[39m
[35m[HTTP][39m [90m{"name":"NATIVE_APP"}[39m
[35m[HTTP][39m [37m<-- POST /wd/hub/session/dc5e7bde-af02-409c-adba-62a50bec8e5e/context [39m[32m200[39m [90m1 ms - 14[39m
[35m[HTTP][39m [90m[39m
[35m[HTTP][39m [37m-->[39m [37mPOST[39m [37m/wd/hub/session/dc5e7bde-af02-409c-adba-62a50bec8e5e/timeouts[39m
[35m[HTTP][39m [90m{"implicit":50}[39m
[35m[HTTP][39m [37m<-- POST /wd/hub/session/dc5e7bde-af02-409c-adba-62a50bec8e5e/timeouts [39m[32m200[39m [90m1 ms - 14[39m
[35m[HTTP][39m [90m[39m
[35m[HTTP][39m [37m-->[39m [37mGET[39m [37m/wd/hub/session/dc5e7bde-af02-409c-adba-62a50bec8e5e/window/rect[39m
[35m[HTTP][39m [90m{}[39m
[35m[HTTP][39m [37m<-- GET /wd/hub/session/dc5e7bde-af02-409c-adba-62a50bec8e5e/window/rect [39m[32m200[39m [90m8 ms - 50[39m
[35m[HTTP][39m [90m[39m
[35m[HTTP][39m [37m-->[39m [37mPOST[39m [37m/wd/hub/session/dc5e7bde-af02-409c-adba-62a50bec8e5e/elements[39m
[35m[HTTP][39m [90m{"using":"xpath","value":"//*[@class = 'android.widget.Button' and (@text = 'Login' or . = 'Login') and @resource-id = 'com.sourcey.materialloginexample:id/btn_login']"}[39m
[35m[HTTP][39m [37m<-- POST /wd/hub/session/dc5e7bde-af02-409c-adba-62a50bec8e5e/elements [39m[32m200[39m [90m17 ms - 139[39m
[35m[HTTP][39m [90m[39m
[35m[HTTP][39m [37m-->[39m [37mGET[39m [37m/wd/hub/session/dc5e7bde-af02-409c-adba-62a50bec8e5e/element/f1eab0c9-cb33-4659-bc80-3543dcd76c88/location[39m
[35m[HTTP][39m [90m{}[39m
[35m[W3C (dc5e7bde)][39m Driver proxy active, passing request on via HTTP proxy
[35m[WD Proxy][39m Replacing sessionId cc5a5423-1488-4038-8440-e0653ea5c1db with dc5e7bde-af02-409c-adba-62a50bec8e5e
[35m[HTTP][39m [37m<-- GET /wd/hub/session/dc5e7bde-af02-409c-adba-62a50bec8e5e/element/f1eab0c9-cb33-4659-bc80-3543dcd76c88/location [39m[32m200[39m [90m11 ms - 78[39m
[35m[HTTP][39m [90m[39m
[35m[HTTP][39m [37m-->[39m [37mPOST[39m [37m/wd/hub/session/dc5e7bde-af02-409c-adba-62a50bec8e5e/timeouts[39m
[35m[HTTP][39m [90m{"implicit":30000}[39m
[35m[HTTP][39m [37m<-- POST /wd/hub/session/dc5e7bde-af02-409c-adba-62a50bec8e5e/timeouts [39m[32m200[39m [90m1 ms - 14[39m
[35m[HTTP][39m [90m[39m
[35m[HTTP][39m [37m-->[39m [37mGET[39m [37m/wd/hub/session/dc5e7bde-af02-409c-adba-62a50bec8e5e/element/f1eab0c9-cb33-4659-bc80-3543dcd76c88/displayed[39m
[35m[HTTP][39m [90m{}[39m
[35m[HTTP][39m [37m<-- GET /wd/hub/session/dc5e7bde-af02-409c-adba-62a50bec8e5e/element/f1eab0c9-cb33-4659-bc80-3543dcd76c88/displayed [39m[32m200[39m [90m9 ms - 14[39m
[35m[HTTP][39m [90m[39m
[35m[HTTP][39m [37m-->[39m [37mPOST[39m [37m/wd/hub/session/dc5e7bde-af02-409c-adba-62a50bec8e5e/timeouts[39m
[35m[HTTP][39m [90m{"implicit":50}[39m
[35m[HTTP][39m [37m<-- POST /wd/hub/session/dc5e7bde-af02-409c-adba-62a50bec8e5e/timeouts [39m[32m200[39m [90m1 ms - 14[39m
[35m[HTTP][39m [90m[39m
[35m[HTTP][39m [37m-->[39m [37mGET[39m [37m/wd/hub/session/dc5e7bde-af02-409c-adba-62a50bec8e5e/window/rect[39m
[35m[HTTP][39m [90m{}[39m
[35m[HTTP][39m [37m<-- GET /wd/hub/session/dc5e7bde-af02-409c-adba-62a50bec8e5e/window/rect [39m[32m200[39m [90m8 ms - 50[39m
[35m[HTTP][39m [90m[39m
[35m[HTTP][39m [37m-->[39m [37mPOST[39m [37m/wd/hub/session/dc5e7bde-af02-409c-adba-62a50bec8e5e/elements[39m
[35m[HTTP][39m [90m{"using":"xpath","value":"//*[@class = 'android.widget.Button' and (@text = 'Login' or . = 'Login') and @resource-id = 'com.sourcey.materialloginexample:id/btn_login']"}[39m
[35m[HTTP][39m [37m<-- POST /wd/hub/session/dc5e7bde-af02-409c-adba-62a50bec8e5e/elements [39m[32m200[39m [90m16 ms - 139[39m
[35m[HTTP][39m [90m[39m
[35m[HTTP][39m [37m-->[39m [37mGET[39m [37m/wd/hub/session/dc5e7bde-af02-409c-adba-62a50bec8e5e/element/c8311526-996e-4c56-b4a7-5333a0732bac/location[39m
[35m[HTTP][39m [90m{}[39m
[35m[W3C (dc5e7bde)][39m Driver proxy active, passing request on via HTTP proxy
[35m[WD Proxy][39m Replacing sessionId cc5a5423-1488-4038-8440-e0653ea5c1db with dc5e7bde-af02-409c-adba-62a50bec8e5e
[35m[HTTP][39m [37m<-- GET /wd/hub/session/dc5e7bde-af02-409c-adba-62a50bec8e5e/element/c8311526-996e-4c56-b4a7-5333a0732bac/location [39m[32m200[39m [90m11 ms - 78[39m
[35m[HTTP][39m [90m[39m
[35m[HTTP][39m [37m-->[39m [37mPOST[39m [37m/wd/hub/session/dc5e7bde-af02-409c-adba-62a50bec8e5e/timeouts[39m
[35m[HTTP][39m [90m{"implicit":30000}[39m
[35m[HTTP][39m [37m<-- POST /wd/hub/session/dc5e7bde-af02-409c-adba-62a50bec8e5e/timeouts [39m[32m200[39m [90m1 ms - 14[39m
[35m[HTTP][39m [90m[39m
[35m[HTTP][39m [37m-->[39m [37mPOST[39m [37m/wd/hub/session/dc5e7bde-af02-409c-adba-62a50bec8e5e/touch/perform[39m
[35m[HTTP][39m [90m{"actions":[{"action":"tap","options":{"x":1,"y":1,"element":"c8311526-996e-4c56-b4a7-5333a0732bac"}},{"action":"release","options":{}}]}[39m
[35m[UiAutomator2][39m calling get location: c8311526-996e-4c56-b4a7-5333a0732bac
[35m[HTTP][39m [37m<-- POST /wd/hub/session/dc5e7bde-af02-409c-adba-62a50bec8e5e/touch/perform [39m[32m200[39m [90m127 ms - 14[39m
[35m[HTTP][39m [90m[39m
[35m[HTTP][39m [37m-->[39m [37mGET[39m [37m/wd/hub/session/dc5e7bde-af02-409c-adba-62a50bec8e5e/context[39m
[35m[HTTP][39m [90m{}[39m
[35m[HTTP][39m [37m<-- GET /wd/hub/session/dc5e7bde-af02-409c-adba-62a50bec8e5e/context [39m[32m200[39m [90m2 ms - 22[39m
[35m[HTTP][39m [90m[39m
[35m[HTTP][39m [37m-->[39m [37mGET[39m [37m/wd/hub/session/dc5e7bde-af02-409c-adba-62a50bec8e5e/contexts[39m
[35m[HTTP][39m [90m{}[39m
[35m[AndroidDriver][39m Not collecting web view details. Details collection might help to make Chromedriver initialization more precise. Use the 'enableWebviewDetailsCollection' cap to turn it on
[35m[AndroidDriver][39m Skipping the webview 'WEBVIEW_10548' at '@webview_devtools_remote_10548' since it has reported having zero pages
[35m[AndroidDriver][39m Skipping the webview 'WEBVIEW_10407' at '@webview_devtools_remote_10407' since it has reported having zero pages
[35m[AndroidDriver][39m Skipping the webview 'WEBVIEW_2168' at '@webview_devtools_remote_2168' since it has reported having zero pages
[35m[HTTP][39m [37m<-- GET /wd/hub/session/dc5e7bde-af02-409c-adba-62a50bec8e5e/contexts [39m[32m200[39m [90m637 ms - 24[39m
[35m[HTTP][39m [90m[39m
[35m[HTTP][39m [37m-->[39m [37mPOST[39m [37m/wd/hub/session/dc5e7bde-af02-409c-adba-62a50bec8e5e/context[39m
[35m[HTTP][39m [90m{"name":"NATIVE_APP"}[39m
[35m[HTTP][39m [37m<-- POST /wd/hub/session/dc5e7bde-af02-409c-adba-62a50bec8e5e/context [39m[32m200[39m [90m2 ms - 14[39m
[35m[HTTP][39m [90m[39m
[35m[HTTP][39m [37m-->[39m [37mGET[39m [37m/wd/hub/session/dc5e7bde-af02-409c-adba-62a50bec8e5e/screenshot[39m
[35m[HTTP][39m [90m{}[39m
[35m[HTTP][39m [37m<-- GET /wd/hub/session/dc5e7bde-af02-409c-adba-62a50bec8e5e/screenshot [39m[32m200[39m [90m327 ms - 168924[39m
[35m[HTTP][39m [90m[39m
[35m[HTTP][39m [37m-->[39m [37mPOST[39m [37m/wd/hub/session/dc5e7bde-af02-409c-adba-62a50bec8e5e/context[39m
[35m[HTTP][39m [90m{"name":"NATIVE_APP"}[39m
[35m[HTTP][39m [37m<-- POST /wd/hub/session/dc5e7bde-af02-409c-adba-62a50bec8e5e/context [39m[32m200[39m [90m1 ms - 14[39m
[35m[HTTP][39m [90m[39m
[35m[HTTP][39m [37m-->[39m [37mDELETE[39m [37m/wd/hub/session/dc5e7bde-af02-409c-adba-62a50bec8e5e[39m
[35m[HTTP][39m [90m{}[39m
[35m[Appium][39m Removing session dc5e7bde-af02-409c-adba-62a50bec8e5e from our master session list
[35m[HTTP][39m [37m<-- DELETE /wd/hub/session/dc5e7bde-af02-409c-adba-62a50bec8e5e [39m[32m200[39m [90m426 ms - 14[39m
[35m[HTTP][39m [90m[39m
